<?xml version="1.0" encoding="UTF-8" ?>
<testsuite tests="20" failures="0" name="org.java_websocket.issues.Issue879Test" time="19.361" errors="0" skipped="0">
  <properties>
    <property name="java.runtime.name" value="OpenJDK Runtime Environment"/>
    <property name="java.vm.version" value="11.0.4+10-b520.11"/>
    <property name="sun.boot.library.path" value="/home/hally/work tools/idea-IU-193.5233.102/jbr/lib"/>
    <property name="maven.multiModuleProjectDirectory" value="/home/hally/workspace/sonarqube/Java-WebSocket"/>
    <property name="java.vm.vendor" value="JetBrains s.r.o"/>
    <property name="java.vendor.url" value="https://www.jetbrains.com/"/>
    <property name="guice.disable.misplaced.annotation.check" value="true"/>
    <property name="path.separator" value=":"/>
    <property name="java.vm.name" value="OpenJDK 64-Bit Server VM"/>
    <property name="sun.os.patch.level" value="unknown"/>
    <property name="user.country" value="US"/>
    <property name="sun.java.launcher" value="SUN_STANDARD"/>
    <property name="java.vm.specification.name" value="Java Virtual Machine Specification"/>
    <property name="user.dir" value="/home/hally/workspace/sonarqube/Java-WebSocket"/>
    <property name="java.vm.compressedOopsMode" value="Zero based"/>
    <property name="java.runtime.version" value="11.0.4+10-b520.11"/>
    <property name="java.awt.graphicsenv" value="sun.awt.X11GraphicsEnvironment"/>
    <property name="os.arch" value="amd64"/>
    <property name="java.io.tmpdir" value="/tmp"/>
    <property name="line.separator" value="
"/>
    <property name="java.vm.specification.vendor" value="Oracle Corporation"/>
    <property name="os.name" value="Linux"/>
    <property name="maven.ext.class.path" value="/home/hally/work tools/idea-IU-193.5233.102/plugins/maven/lib/maven-event-listener.jar"/>
    <property name="classworlds.conf" value="/home/hally/work tools/idea-IU-193.5233.102/plugins/maven/lib/maven3/bin/m2.conf"/>
    <property name="sun.jnu.encoding" value="UTF-8"/>
    <property name="java.library.path" value="/usr/java/packages/lib:/usr/lib64:/lib64:/lib:/usr/lib"/>
    <property name="maven.conf" value="/home/hally/work tools/idea-IU-193.5233.102/plugins/maven/lib/maven3/conf"/>
    <property name="jdk.debug" value="release"/>
    <property name="java.class.version" value="55.0"/>
    <property name="java.specification.name" value="Java Platform API Specification"/>
    <property name="sun.management.compiler" value="HotSpot 64-Bit Tiered Compilers"/>
    <property name="os.version" value="5.3.0-53-generic"/>
    <property name="user.home" value="/home/hally"/>
    <property name="user.timezone" value="Asia/Shanghai"/>
    <property name="java.awt.printerjob" value="sun.print.PSPrinterJob"/>
    <property name="file.encoding" value="UTF-8"/>
    <property name="java.specification.version" value="11"/>
    <property name="user.name" value="hally"/>
    <property name="java.class.path" value="/home/hally/work tools/idea-IU-193.5233.102/plugins/maven/lib/maven3/boot/plexus-classworlds-2.6.0.jar"/>
    <property name="java.vm.specification.version" value="11"/>
    <property name="sun.arch.data.model" value="64"/>
    <property name="sun.java.command" value="org.codehaus.classworlds.Launcher -Didea.version2019.3 install"/>
    <property name="java.home" value="/home/hally/work tools/idea-IU-193.5233.102/jbr"/>
    <property name="user.language" value="en"/>
    <property name="java.specification.vendor" value="Oracle Corporation"/>
    <property name="awt.toolkit" value="sun.awt.X11.XToolkit"/>
    <property name="java.vm.info" value="mixed mode"/>
    <property name="java.version" value="11.0.4"/>
    <property name="securerandom.source" value="file:/dev/./urandom"/>
    <property name="java.vendor" value="JetBrains s.r.o"/>
    <property name="maven.home" value="/home/hally/work tools/idea-IU-193.5233.102/plugins/maven/lib/maven3"/>
    <property name="file.separator" value="/"/>
    <property name="idea.version2019.3" value="true"/>
    <property name="java.version.date" value="2019-07-16"/>
    <property name="java.vendor.url.bug" value="https://youtrack.jetbrains.com"/>
    <property name="sun.io.unicode.encoding" value="UnicodeLittle"/>
    <property name="sun.cpu.endian" value="little"/>
    <property name="sun.desktop" value="gnome"/>
    <property name="sun.cpu.isalist" value=""/>
  </properties>
  <testcase classname="org.java_websocket.issues.Issue879Test" name="QuickStopTest[0]" time="0.164"/>
  <testcase classname="org.java_websocket.issues.Issue879Test" name="QuickStopTest[1]" time="0.213"/>
  <testcase classname="org.java_websocket.issues.Issue879Test" name="QuickStopTest[2]" time="0.302"/>
  <testcase classname="org.java_websocket.issues.Issue879Test" name="QuickStopTest[3]" time="0.405"/>
  <testcase classname="org.java_websocket.issues.Issue879Test" name="QuickStopTest[4]" time="0.424"/>
  <testcase classname="org.java_websocket.issues.Issue879Test" name="QuickStopTest[5]" time="0.48"/>
  <testcase classname="org.java_websocket.issues.Issue879Test" name="QuickStopTest[6]" time="0.579"/>
  <testcase classname="org.java_websocket.issues.Issue879Test" name="QuickStopTest[7]" time="0.678"/>
  <testcase classname="org.java_websocket.issues.Issue879Test" name="QuickStopTest[8]" time="0.731"/>
  <testcase classname="org.java_websocket.issues.Issue879Test" name="QuickStopTest[9]" time="0.795"/>
  <testcase classname="org.java_websocket.issues.Issue879Test" name="QuickStopTest[10]" time="0.882"/>
  <testcase classname="org.java_websocket.issues.Issue879Test" name="QuickStopTest[11]" time="1.002"/>
  <testcase classname="org.java_websocket.issues.Issue879Test" name="QuickStopTest[12]" time="1.094"/>
  <testcase classname="org.java_websocket.issues.Issue879Test" name="QuickStopTest[13]" time="1.141"/>
  <testcase classname="org.java_websocket.issues.Issue879Test" name="QuickStopTest[14]" time="1.341"/>
  <testcase classname="org.java_websocket.issues.Issue879Test" name="QuickStopTest[15]" time="1.348"/>
  <testcase classname="org.java_websocket.issues.Issue879Test" name="QuickStopTest[16]" time="1.522"/>
  <testcase classname="org.java_websocket.issues.Issue879Test" name="QuickStopTest[17]" time="2.771"/>
  <testcase classname="org.java_websocket.issues.Issue879Test" name="QuickStopTest[18]" time="1.668"/>
  <testcase classname="org.java_websocket.issues.Issue879Test" name="QuickStopTest[19]" time="1.821"/>
</testsuite>